<?xml version="1.0" encoding="UTF-8"?>
<testsuite xmlns:xsi="http://www.w3.org/2001/XMLSchema-instance" xsi:noNamespaceSchemaLocation="https://maven.apache.org/surefire/maven-surefire-plugin/xsd/surefire-test-report.xsd" version="3.0.2" name="com.bajaj_api_assignment.Bajaj.API.round.BajajApiRoundApplicationTests" time="2.572" tests="1" errors="0" skipped="0" failures="0">
  <properties>
    <property name="java.specification.version" value="25"/>
    <property name="sun.jnu.encoding" value="UTF-8"/>
    <property name="java.class.path" value="/Users/yashpanchal/Desktop/Bajaj-API-round/target/test-classes:/Users/yashpanchal/Desktop/Bajaj-API-round/target/classes:/Users/yashpanchal/.m2/repository/org/springframework/boot/spring-boot-starter-data-jdbc/3.4.10/spring-boot-starter-data-jdbc-3.4.10.jar:/Users/yashpanchal/.m2/repository/org/springframework/boot/spring-boot-starter-jdbc/3.4.10/spring-boot-starter-jdbc-3.4.10.jar:/Users/yashpanchal/.m2/repository/com/zaxxer/HikariCP/5.1.0/HikariCP-5.1.0.jar:/Users/yashpanchal/.m2/repository/org/springframework/spring-jdbc/6.2.11/spring-jdbc-6.2.11.jar:/Users/yashpanchal/.m2/repository/org/springframework/data/spring-data-jdbc/3.4.10/spring-data-jdbc-3.4.10.jar:/Users/yashpanchal/.m2/repository/org/springframework/data/spring-data-relational/3.4.10/spring-data-relational-3.4.10.jar:/Users/yashpanchal/.m2/repository/org/springframework/data/spring-data-commons/3.4.10/spring-data-commons-3.4.10.jar:/Users/yashpanchal/.m2/repository/org/springframework/spring-tx/6.2.11/spring-tx-6.2.11.jar:/Users/yashpanchal/.m2/repository/org/springframework/spring-context/6.2.11/spring-context-6.2.11.jar:/Users/yashpanchal/.m2/repository/org/springframework/spring-beans/6.2.11/spring-beans-6.2.11.jar:/Users/yashpanchal/.m2/repository/org/slf4j/slf4j-api/2.0.17/slf4j-api-2.0.17.jar:/Users/yashpanchal/.m2/repository/org/springframework/boot/spring-boot-starter-data-jpa/3.4.10/spring-boot-starter-data-jpa-3.4.10.jar:/Users/yashpanchal/.m2/repository/org/springframework/boot/spring-boot-starter/3.4.10/spring-boot-starter-3.4.10.jar:/Users/yashpanchal/.m2/repository/org/springframework/boot/spring-boot-starter-logging/3.4.10/spring-boot-starter-logging-3.4.10.jar:/Users/yashpanchal/.m2/repository/ch/qos/logback/logback-classic/1.5.18/logback-classic-1.5.18.jar:/Users/yashpanchal/.m2/repository/ch/qos/logback/logback-core/1.5.18/logback-core-1.5.18.jar:/Users/yashpanchal/.m2/repository/org/apache/logging/log4j/log4j-to-slf4j/2.24.3/log4j-to-slf4j-2.24.3.jar:/Users/yashpanchal/.m2/repository/org/apache/logging/log4j/log4j-api/2.24.3/log4j-api-2.24.3.jar:/Users/yashpanchal/.m2/repository/org/slf4j/jul-to-slf4j/2.0.17/jul-to-slf4j-2.0.17.jar:/Users/yashpanchal/.m2/repository/jakarta/annotation/jakarta.annotation-api/2.1.1/jakarta.annotation-api-2.1.1.jar:/Users/yashpanchal/.m2/repository/org/yaml/snakeyaml/2.3/snakeyaml-2.3.jar:/Users/yashpanchal/.m2/repository/org/hibernate/orm/hibernate-core/6.6.29.Final/hibernate-core-6.6.29.Final.jar:/Users/yashpanchal/.m2/repository/jakarta/persistence/jakarta.persistence-api/3.1.0/jakarta.persistence-api-3.1.0.jar:/Users/yashpanchal/.m2/repository/jakarta/transaction/jakarta.transaction-api/2.0.1/jakarta.transaction-api-2.0.1.jar:/Users/yashpanchal/.m2/repository/org/jboss/logging/jboss-logging/3.6.1.Final/jboss-logging-3.6.1.Final.jar:/Users/yashpanchal/.m2/repository/org/hibernate/common/hibernate-commons-annotations/7.0.3.Final/hibernate-commons-annotations-7.0.3.Final.jar:/Users/yashpanchal/.m2/repository/io/smallrye/jandex/3.2.0/jandex-3.2.0.jar:/Users/yashpanchal/.m2/repository/com/fasterxml/classmate/1.7.0/classmate-1.7.0.jar:/Users/yashpanchal/.m2/repository/net/bytebuddy/byte-buddy/1.15.11/byte-buddy-1.15.11.jar:/Users/yashpanchal/.m2/repository/org/glassfish/jaxb/jaxb-runtime/4.0.5/jaxb-runtime-4.0.5.jar:/Users/yashpanchal/.m2/repository/org/glassfish/jaxb/jaxb-core/4.0.5/jaxb-core-4.0.5.jar:/Users/yashpanchal/.m2/repository/org/eclipse/angus/angus-activation/2.0.2/angus-activation-2.0.2.jar:/Users/yashpanchal/.m2/repository/org/glassfish/jaxb/txw2/4.0.5/txw2-4.0.5.jar:/Users/yashpanchal/.m2/repository/com/sun/istack/istack-commons-runtime/4.1.2/istack-commons-runtime-4.1.2.jar:/Users/yashpanchal/.m2/repository/jakarta/inject/jakarta.inject-api/2.0.1/jakarta.inject-api-2.0.1.jar:/Users/yashpanchal/.m2/repository/org/antlr/antlr4-runtime/4.13.0/antlr4-runtime-4.13.0.jar:/Users/yashpanchal/.m2/repository/org/springframework/data/spring-data-jpa/3.4.10/spring-data-jpa-3.4.10.jar:/Users/yashpanchal/.m2/repository/org/springframework/spring-orm/6.2.11/spring-orm-6.2.11.jar:/Users/yashpanchal/.m2/repository/org/springframework/spring-aop/6.2.11/spring-aop-6.2.11.jar:/Users/yashpanchal/.m2/repository/org/springframework/spring-aspects/6.2.11/spring-aspects-6.2.11.jar:/Users/yashpanchal/.m2/repository/org/aspectj/aspectjweaver/1.9.24/aspectjweaver-1.9.24.jar:/Users/yashpanchal/.m2/repository/org/springframework/boot/spring-boot-starter-web/3.4.10/spring-boot-starter-web-3.4.10.jar:/Users/yashpanchal/.m2/repository/org/springframework/boot/spring-boot-starter-json/3.4.10/spring-boot-starter-json-3.4.10.jar:/Users/yashpanchal/.m2/repository/com/fasterxml/jackson/core/jackson-databind/2.18.4/jackson-databind-2.18.4.jar:/Users/yashpanchal/.m2/repository/com/fasterxml/jackson/core/jackson-annotations/2.18.4/jackson-annotations-2.18.4.jar:/Users/yashpanchal/.m2/repository/com/fasterxml/jackson/core/jackson-core/2.18.4.1/jackson-core-2.18.4.1.jar:/Users/yashpanchal/.m2/repository/com/fasterxml/jackson/datatype/jackson-datatype-jdk8/2.18.4/jackson-datatype-jdk8-2.18.4.jar:/Users/yashpanchal/.m2/repository/com/fasterxml/jackson/datatype/jackson-datatype-jsr310/2.18.4/jackson-datatype-jsr310-2.18.4.jar:/Users/yashpanchal/.m2/repository/com/fasterxml/jackson/module/jackson-module-parameter-names/2.18.4/jackson-module-parameter-names-2.18.4.jar:/Users/yashpanchal/.m2/repository/org/springframework/boot/spring-boot-starter-tomcat/3.4.10/spring-boot-starter-tomcat-3.4.10.jar:/Users/yashpanchal/.m2/repository/org/apache/tomcat/embed/tomcat-embed-core/10.1.46/tomcat-embed-core-10.1.46.jar:/Users/yashpanchal/.m2/repository/org/apache/tomcat/embed/tomcat-embed-el/10.1.46/tomcat-embed-el-10.1.46.jar:/Users/yashpanchal/.m2/repository/org/apache/tomcat/embed/tomcat-embed-websocket/10.1.46/tomcat-embed-websocket-10.1.46.jar:/Users/yashpanchal/.m2/repository/org/springframework/spring-web/6.2.11/spring-web-6.2.11.jar:/Users/yashpanchal/.m2/repository/io/micrometer/micrometer-observation/1.14.11/micrometer-observation-1.14.11.jar:/Users/yashpanchal/.m2/repository/io/micrometer/micrometer-commons/1.14.11/micrometer-commons-1.14.11.jar:/Users/yashpanchal/.m2/repository/org/springframework/spring-webmvc/6.2.11/spring-webmvc-6.2.11.jar:/Users/yashpanchal/.m2/repository/org/springframework/spring-expression/6.2.11/spring-expression-6.2.11.jar:/Users/yashpanchal/.m2/repository/org/springframework/boot/spring-boot-devtools/3.4.10/spring-boot-devtools-3.4.10.jar:/Users/yashpanchal/.m2/repository/org/springframework/boot/spring-boot/3.4.10/spring-boot-3.4.10.jar:/Users/yashpanchal/.m2/repository/org/springframework/boot/spring-boot-autoconfigure/3.4.10/spring-boot-autoconfigure-3.4.10.jar:/Users/yashpanchal/.m2/repository/com/h2database/h2/2.3.232/h2-2.3.232.jar:/Users/yashpanchal/.m2/repository/org/springframework/boot/spring-boot-starter-test/3.4.10/spring-boot-starter-test-3.4.10.jar:/Users/yashpanchal/.m2/repository/org/springframework/boot/spring-boot-test/3.4.10/spring-boot-test-3.4.10.jar:/Users/yashpanchal/.m2/repository/org/springframework/boot/spring-boot-test-autoconfigure/3.4.10/spring-boot-test-autoconfigure-3.4.10.jar:/Users/yashpanchal/.m2/repository/com/jayway/jsonpath/json-path/2.9.0/json-path-2.9.0.jar:/Users/yashpanchal/.m2/repository/jakarta/xml/bind/jakarta.xml.bind-api/4.0.2/jakarta.xml.bind-api-4.0.2.jar:/Users/yashpanchal/.m2/repository/jakarta/activation/jakarta.activation-api/2.1.4/jakarta.activation-api-2.1.4.jar:/Users/yashpanchal/.m2/repository/net/minidev/json-smart/2.5.2/json-smart-2.5.2.jar:/Users/yashpanchal/.m2/repository/net/minidev/accessors-smart/2.5.2/accessors-smart-2.5.2.jar:/Users/yashpanchal/.m2/repository/org/ow2/asm/asm/9.7.1/asm-9.7.1.jar:/Users/yashpanchal/.m2/repository/org/assertj/assertj-core/3.26.3/assertj-core-3.26.3.jar:/Users/yashpanchal/.m2/repository/org/awaitility/awaitility/4.2.2/awaitility-4.2.2.jar:/Users/yashpanchal/.m2/repository/org/hamcrest/hamcrest/2.2/hamcrest-2.2.jar:/Users/yashpanchal/.m2/repository/org/junit/jupiter/junit-jupiter/5.11.4/junit-jupiter-5.11.4.jar:/Users/yashpanchal/.m2/repository/org/junit/jupiter/junit-jupiter-api/5.11.4/junit-jupiter-api-5.11.4.jar:/Users/yashpanchal/.m2/repository/org/opentest4j/opentest4j/1.3.0/opentest4j-1.3.0.jar:/Users/yashpanchal/.m2/repository/org/junit/platform/junit-platform-commons/1.11.4/junit-platform-commons-1.11.4.jar:/Users/yashpanchal/.m2/repository/org/apiguardian/apiguardian-api/1.1.2/apiguardian-api-1.1.2.jar:/Users/yashpanchal/.m2/repository/org/junit/jupiter/junit-jupiter-params/5.11.4/junit-jupiter-params-5.11.4.jar:/Users/yashpanchal/.m2/repository/org/junit/jupiter/junit-jupiter-engine/5.11.4/junit-jupiter-engine-5.11.4.jar:/Users/yashpanchal/.m2/repository/org/junit/platform/junit-platform-engine/1.11.4/junit-platform-engine-1.11.4.jar:/Users/yashpanchal/.m2/repository/org/mockito/mockito-core/5.14.2/mockito-core-5.14.2.jar:/Users/yashpanchal/.m2/repository/net/bytebuddy/byte-buddy-agent/1.15.11/byte-buddy-agent-1.15.11.jar:/Users/yashpanchal/.m2/repository/org/objenesis/objenesis/3.3/objenesis-3.3.jar:/Users/yashpanchal/.m2/repository/org/mockito/mockito-junit-jupiter/5.14.2/mockito-junit-jupiter-5.14.2.jar:/Users/yashpanchal/.m2/repository/org/skyscreamer/jsonassert/1.5.3/jsonassert-1.5.3.jar:/Users/yashpanchal/.m2/repository/com/vaadin/external/google/android-json/0.0.20131108.vaadin1/android-json-0.0.20131108.vaadin1.jar:/Users/yashpanchal/.m2/repository/org/springframework/spring-core/6.2.11/spring-core-6.2.11.jar:/Users/yashpanchal/.m2/repository/org/springframework/spring-jcl/6.2.11/spring-jcl-6.2.11.jar:/Users/yashpanchal/.m2/repository/org/springframework/spring-test/6.2.11/spring-test-6.2.11.jar:/Users/yashpanchal/.m2/repository/org/xmlunit/xmlunit-core/2.10.4/xmlunit-core-2.10.4.jar:"/>
    <property name="java.vm.vendor" value="Homebrew"/>
    <property name="sun.arch.data.model" value="64"/>
    <property name="java.vendor.url" value="https://github.com/Homebrew/homebrew-core/issues"/>
    <property name="user.timezone" value="Asia/Kolkata"/>
    <property name="org.jboss.logging.provider" value="slf4j"/>
    <property name="os.name" value="Mac OS X"/>
    <property name="java.vm.specification.version" value="25"/>
    <property name="APPLICATION_NAME" value="Bajaj-API-round"/>
    <property name="sun.java.launcher" value="SUN_STANDARD"/>
    <property name="user.country" value="IN"/>
    <property name="sun.boot.library.path" value="/opt/homebrew/Cellar/openjdk/25/libexec/openjdk.jdk/Contents/Home/lib"/>
    <property name="sun.java.command" value="/Users/yashpanchal/Desktop/Bajaj-API-round/target/surefire/surefirebooter-20250922152407858_3.jar /Users/yashpanchal/Desktop/Bajaj-API-round/target/surefire 2025-09-22T15-24-07_804-jvmRun1 surefire-20250922152407858_1tmp surefire_0-20250922152407858_2tmp"/>
    <property name="http.nonProxyHosts" value="local|*.local|169.254/16|*.169.254/16"/>
    <property name="jdk.debug" value="release"/>
    <property name="surefire.test.class.path" value="/Users/yashpanchal/Desktop/Bajaj-API-round/target/test-classes:/Users/yashpanchal/Desktop/Bajaj-API-round/target/classes:/Users/yashpanchal/.m2/repository/org/springframework/boot/spring-boot-starter-data-jdbc/3.4.10/spring-boot-starter-data-jdbc-3.4.10.jar:/Users/yashpanchal/.m2/repository/org/springframework/boot/spring-boot-starter-jdbc/3.4.10/spring-boot-starter-jdbc-3.4.10.jar:/Users/yashpanchal/.m2/repository/com/zaxxer/HikariCP/5.1.0/HikariCP-5.1.0.jar:/Users/yashpanchal/.m2/repository/org/springframework/spring-jdbc/6.2.11/spring-jdbc-6.2.11.jar:/Users/yashpanchal/.m2/repository/org/springframework/data/spring-data-jdbc/3.4.10/spring-data-jdbc-3.4.10.jar:/Users/yashpanchal/.m2/repository/org/springframework/data/spring-data-relational/3.4.10/spring-data-relational-3.4.10.jar:/Users/yashpanchal/.m2/repository/org/springframework/data/spring-data-commons/3.4.10/spring-data-commons-3.4.10.jar:/Users/yashpanchal/.m2/repository/org/springframework/spring-tx/6.2.11/spring-tx-6.2.11.jar:/Users/yashpanchal/.m2/repository/org/springframework/spring-context/6.2.11/spring-context-6.2.11.jar:/Users/yashpanchal/.m2/repository/org/springframework/spring-beans/6.2.11/spring-beans-6.2.11.jar:/Users/yashpanchal/.m2/repository/org/slf4j/slf4j-api/2.0.17/slf4j-api-2.0.17.jar:/Users/yashpanchal/.m2/repository/org/springframework/boot/spring-boot-starter-data-jpa/3.4.10/spring-boot-starter-data-jpa-3.4.10.jar:/Users/yashpanchal/.m2/repository/org/springframework/boot/spring-boot-starter/3.4.10/spring-boot-starter-3.4.10.jar:/Users/yashpanchal/.m2/repository/org/springframework/boot/spring-boot-starter-logging/3.4.10/spring-boot-starter-logging-3.4.10.jar:/Users/yashpanchal/.m2/repository/ch/qos/logback/logback-classic/1.5.18/logback-classic-1.5.18.jar:/Users/yashpanchal/.m2/repository/ch/qos/logback/logback-core/1.5.18/logback-core-1.5.18.jar:/Users/yashpanchal/.m2/repository/org/apache/logging/log4j/log4j-to-slf4j/2.24.3/log4j-to-slf4j-2.24.3.jar:/Users/yashpanchal/.m2/repository/org/apache/logging/log4j/log4j-api/2.24.3/log4j-api-2.24.3.jar:/Users/yashpanchal/.m2/repository/org/slf4j/jul-to-slf4j/2.0.17/jul-to-slf4j-2.0.17.jar:/Users/yashpanchal/.m2/repository/jakarta/annotation/jakarta.annotation-api/2.1.1/jakarta.annotation-api-2.1.1.jar:/Users/yashpanchal/.m2/repository/org/yaml/snakeyaml/2.3/snakeyaml-2.3.jar:/Users/yashpanchal/.m2/repository/org/hibernate/orm/hibernate-core/6.6.29.Final/hibernate-core-6.6.29.Final.jar:/Users/yashpanchal/.m2/repository/jakarta/persistence/jakarta.persistence-api/3.1.0/jakarta.persistence-api-3.1.0.jar:/Users/yashpanchal/.m2/repository/jakarta/transaction/jakarta.transaction-api/2.0.1/jakarta.transaction-api-2.0.1.jar:/Users/yashpanchal/.m2/repository/org/jboss/logging/jboss-logging/3.6.1.Final/jboss-logging-3.6.1.Final.jar:/Users/yashpanchal/.m2/repository/org/hibernate/common/hibernate-commons-annotations/7.0.3.Final/hibernate-commons-annotations-7.0.3.Final.jar:/Users/yashpanchal/.m2/repository/io/smallrye/jandex/3.2.0/jandex-3.2.0.jar:/Users/yashpanchal/.m2/repository/com/fasterxml/classmate/1.7.0/classmate-1.7.0.jar:/Users/yashpanchal/.m2/repository/net/bytebuddy/byte-buddy/1.15.11/byte-buddy-1.15.11.jar:/Users/yashpanchal/.m2/repository/org/glassfish/jaxb/jaxb-runtime/4.0.5/jaxb-runtime-4.0.5.jar:/Users/yashpanchal/.m2/repository/org/glassfish/jaxb/jaxb-core/4.0.5/jaxb-core-4.0.5.jar:/Users/yashpanchal/.m2/repository/org/eclipse/angus/angus-activation/2.0.2/angus-activation-2.0.2.jar:/Users/yashpanchal/.m2/repository/org/glassfish/jaxb/txw2/4.0.5/txw2-4.0.5.jar:/Users/yashpanchal/.m2/repository/com/sun/istack/istack-commons-runtime/4.1.2/istack-commons-runtime-4.1.2.jar:/Users/yashpanchal/.m2/repository/jakarta/inject/jakarta.inject-api/2.0.1/jakarta.inject-api-2.0.1.jar:/Users/yashpanchal/.m2/repository/org/antlr/antlr4-runtime/4.13.0/antlr4-runtime-4.13.0.jar:/Users/yashpanchal/.m2/repository/org/springframework/data/spring-data-jpa/3.4.10/spring-data-jpa-3.4.10.jar:/Users/yashpanchal/.m2/repository/org/springframework/spring-orm/6.2.11/spring-orm-6.2.11.jar:/Users/yashpanchal/.m2/repository/org/springframework/spring-aop/6.2.11/spring-aop-6.2.11.jar:/Users/yashpanchal/.m2/repository/org/springframework/spring-aspects/6.2.11/spring-aspects-6.2.11.jar:/Users/yashpanchal/.m2/repository/org/aspectj/aspectjweaver/1.9.24/aspectjweaver-1.9.24.jar:/Users/yashpanchal/.m2/repository/org/springframework/boot/spring-boot-starter-web/3.4.10/spring-boot-starter-web-3.4.10.jar:/Users/yashpanchal/.m2/repository/org/springframework/boot/spring-boot-starter-json/3.4.10/spring-boot-starter-json-3.4.10.jar:/Users/yashpanchal/.m2/repository/com/fasterxml/jackson/core/jackson-databind/2.18.4/jackson-databind-2.18.4.jar:/Users/yashpanchal/.m2/repository/com/fasterxml/jackson/core/jackson-annotations/2.18.4/jackson-annotations-2.18.4.jar:/Users/yashpanchal/.m2/repository/com/fasterxml/jackson/core/jackson-core/2.18.4.1/jackson-core-2.18.4.1.jar:/Users/yashpanchal/.m2/repository/com/fasterxml/jackson/datatype/jackson-datatype-jdk8/2.18.4/jackson-datatype-jdk8-2.18.4.jar:/Users/yashpanchal/.m2/repository/com/fasterxml/jackson/datatype/jackson-datatype-jsr310/2.18.4/jackson-datatype-jsr310-2.18.4.jar:/Users/yashpanchal/.m2/repository/com/fasterxml/jackson/module/jackson-module-parameter-names/2.18.4/jackson-module-parameter-names-2.18.4.jar:/Users/yashpanchal/.m2/repository/org/springframework/boot/spring-boot-starter-tomcat/3.4.10/spring-boot-starter-tomcat-3.4.10.jar:/Users/yashpanchal/.m2/repository/org/apache/tomcat/embed/tomcat-embed-core/10.1.46/tomcat-embed-core-10.1.46.jar:/Users/yashpanchal/.m2/repository/org/apache/tomcat/embed/tomcat-embed-el/10.1.46/tomcat-embed-el-10.1.46.jar:/Users/yashpanchal/.m2/repository/org/apache/tomcat/embed/tomcat-embed-websocket/10.1.46/tomcat-embed-websocket-10.1.46.jar:/Users/yashpanchal/.m2/repository/org/springframework/spring-web/6.2.11/spring-web-6.2.11.jar:/Users/yashpanchal/.m2/repository/io/micrometer/micrometer-observation/1.14.11/micrometer-observation-1.14.11.jar:/Users/yashpanchal/.m2/repository/io/micrometer/micrometer-commons/1.14.11/micrometer-commons-1.14.11.jar:/Users/yashpanchal/.m2/repository/org/springframework/spring-webmvc/6.2.11/spring-webmvc-6.2.11.jar:/Users/yashpanchal/.m2/repository/org/springframework/spring-expression/6.2.11/spring-expression-6.2.11.jar:/Users/yashpanchal/.m2/repository/org/springframework/boot/spring-boot-devtools/3.4.10/spring-boot-devtools-3.4.10.jar:/Users/yashpanchal/.m2/repository/org/springframework/boot/spring-boot/3.4.10/spring-boot-3.4.10.jar:/Users/yashpanchal/.m2/repository/org/springframework/boot/spring-boot-autoconfigure/3.4.10/spring-boot-autoconfigure-3.4.10.jar:/Users/yashpanchal/.m2/repository/com/h2database/h2/2.3.232/h2-2.3.232.jar:/Users/yashpanchal/.m2/repository/org/springframework/boot/spring-boot-starter-test/3.4.10/spring-boot-starter-test-3.4.10.jar:/Users/yashpanchal/.m2/repository/org/springframework/boot/spring-boot-test/3.4.10/spring-boot-test-3.4.10.jar:/Users/yashpanchal/.m2/repository/org/springframework/boot/spring-boot-test-autoconfigure/3.4.10/spring-boot-test-autoconfigure-3.4.10.jar:/Users/yashpanchal/.m2/repository/com/jayway/jsonpath/json-path/2.9.0/json-path-2.9.0.jar:/Users/yashpanchal/.m2/repository/jakarta/xml/bind/jakarta.xml.bind-api/4.0.2/jakarta.xml.bind-api-4.0.2.jar:/Users/yashpanchal/.m2/repository/jakarta/activation/jakarta.activation-api/2.1.4/jakarta.activation-api-2.1.4.jar:/Users/yashpanchal/.m2/repository/net/minidev/json-smart/2.5.2/json-smart-2.5.2.jar:/Users/yashpanchal/.m2/repository/net/minidev/accessors-smart/2.5.2/accessors-smart-2.5.2.jar:/Users/yashpanchal/.m2/repository/org/ow2/asm/asm/9.7.1/asm-9.7.1.jar:/Users/yashpanchal/.m2/repository/org/assertj/assertj-core/3.26.3/assertj-core-3.26.3.jar:/Users/yashpanchal/.m2/repository/org/awaitility/awaitility/4.2.2/awaitility-4.2.2.jar:/Users/yashpanchal/.m2/repository/org/hamcrest/hamcrest/2.2/hamcrest-2.2.jar:/Users/yashpanchal/.m2/repository/org/junit/jupiter/junit-jupiter/5.11.4/junit-jupiter-5.11.4.jar:/Users/yashpanchal/.m2/repository/org/junit/jupiter/junit-jupiter-api/5.11.4/junit-jupiter-api-5.11.4.jar:/Users/yashpanchal/.m2/repository/org/opentest4j/opentest4j/1.3.0/opentest4j-1.3.0.jar:/Users/yashpanchal/.m2/repository/org/junit/platform/junit-platform-commons/1.11.4/junit-platform-commons-1.11.4.jar:/Users/yashpanchal/.m2/repository/org/apiguardian/apiguardian-api/1.1.2/apiguardian-api-1.1.2.jar:/Users/yashpanchal/.m2/repository/org/junit/jupiter/junit-jupiter-params/5.11.4/junit-jupiter-params-5.11.4.jar:/Users/yashpanchal/.m2/repository/org/junit/jupiter/junit-jupiter-engine/5.11.4/junit-jupiter-engine-5.11.4.jar:/Users/yashpanchal/.m2/repository/org/junit/platform/junit-platform-engine/1.11.4/junit-platform-engine-1.11.4.jar:/Users/yashpanchal/.m2/repository/org/mockito/mockito-core/5.14.2/mockito-core-5.14.2.jar:/Users/yashpanchal/.m2/repository/net/bytebuddy/byte-buddy-agent/1.15.11/byte-buddy-agent-1.15.11.jar:/Users/yashpanchal/.m2/repository/org/objenesis/objenesis/3.3/objenesis-3.3.jar:/Users/yashpanchal/.m2/repository/org/mockito/mockito-junit-jupiter/5.14.2/mockito-junit-jupiter-5.14.2.jar:/Users/yashpanchal/.m2/repository/org/skyscreamer/jsonassert/1.5.3/jsonassert-1.5.3.jar:/Users/yashpanchal/.m2/repository/com/vaadin/external/google/android-json/0.0.20131108.vaadin1/android-json-0.0.20131108.vaadin1.jar:/Users/yashpanchal/.m2/repository/org/springframework/spring-core/6.2.11/spring-core-6.2.11.jar:/Users/yashpanchal/.m2/repository/org/springframework/spring-jcl/6.2.11/spring-jcl-6.2.11.jar:/Users/yashpanchal/.m2/repository/org/springframework/spring-test/6.2.11/spring-test-6.2.11.jar:/Users/yashpanchal/.m2/repository/org/xmlunit/xmlunit-core/2.10.4/xmlunit-core-2.10.4.jar:"/>
    <property name="sun.cpu.endian" value="little"/>
    <property name="user.home" value="/Users/yashpanchal"/>
    <property name="user.language" value="en"/>
    <property name="java.specification.vendor" value="Oracle Corporation"/>
    <property name="java.version.date" value="2025-09-16"/>
    <property name="java.home" value="/opt/homebrew/Cellar/openjdk/25/libexec/openjdk.jdk/Contents/Home"/>
    <property name="file.separator" value="/"/>
    <property name="basedir" value="/Users/yashpanchal/Desktop/Bajaj-API-round"/>
    <property name="java.vm.compressedOopsMode" value="Zero based"/>
    <property name="line.separator" value="&#10;"/>
    <property name="java.vm.specification.vendor" value="Oracle Corporation"/>
    <property name="java.specification.name" value="Java Platform API Specification"/>
    <property name="FILE_LOG_CHARSET" value="UTF-8"/>
    <property name="java.awt.headless" value="true"/>
    <property name="apple.awt.application.name" value="ForkedBooter"/>
    <property name="surefire.real.class.path" value="/Users/yashpanchal/Desktop/Bajaj-API-round/target/surefire/surefirebooter-20250922152407858_3.jar"/>
    <property name="sun.management.compiler" value="HotSpot 64-Bit Tiered Compilers"/>
    <property name="ftp.nonProxyHosts" value="local|*.local|169.254/16|*.169.254/16"/>
    <property name="java.runtime.version" value="25"/>
    <property name="user.name" value="yashpanchal"/>
    <property name="stdout.encoding" value="UTF-8"/>
    <property name="path.separator" value=":"/>
    <property name="os.version" value="15.3.1"/>
    <property name="java.runtime.name" value="OpenJDK Runtime Environment"/>
    <property name="file.encoding" value="UTF-8"/>
    <property name="java.vm.name" value="OpenJDK 64-Bit Server VM"/>
    <property name="java.vendor.version" value="Homebrew"/>
    <property name="localRepository" value="/Users/yashpanchal/.m2/repository"/>
    <property name="java.vendor.url.bug" value="https://github.com/Homebrew/homebrew-core/issues"/>
    <property name="java.io.tmpdir" value="/var/folders/t2/6gjylp412jn55j_v1sw11k180000gn/T/"/>
    <property name="com.zaxxer.hikari.pool_number" value="1"/>
    <property name="java.version" value="25"/>
    <property name="user.dir" value="/Users/yashpanchal/Desktop/Bajaj-API-round"/>
    <property name="os.arch" value="aarch64"/>
    <property name="java.vm.specification.name" value="Java Virtual Machine Specification"/>
    <property name="PID" value="70307"/>
    <property name="CONSOLE_LOG_CHARSET" value="UTF-8"/>
    <property name="native.encoding" value="UTF-8"/>
    <property name="java.library.path" value="/Users/yashpanchal/Library/Java/Extensions:/Library/Java/Extensions:/Network/Library/Java/Extensions:/System/Library/Java/Extensions:/usr/lib/java:."/>
    <property name="java.vm.info" value="mixed mode, sharing"/>
    <property name="stderr.encoding" value="UTF-8"/>
    <property name="java.vendor" value="Homebrew"/>
    <property name="java.vm.version" value="25"/>
    <property name="stdin.encoding" value="UTF-8"/>
    <property name="sun.io.unicode.encoding" value="UnicodeBig"/>
    <property name="socksNonProxyHosts" value="local|*.local|169.254/16|*.169.254/16"/>
    <property name="java.class.version" value="69.0"/>
    <property name="LOGGED_APPLICATION_NAME" value="[Bajaj-API-round] "/>
  </properties>
  <testcase name="contextLoads" classname="com.bajaj_api_assignment.Bajaj.API.round.BajajApiRoundApplicationTests" time="0.397">
    <system-out><![CDATA[15:24:08.221 [main] INFO org.springframework.test.context.support.AnnotationConfigContextLoaderUtils -- Could not detect default configuration classes for test class [com.bajaj_api_assignment.Bajaj.API.round.BajajApiRoundApplicationTests]: BajajApiRoundApplicationTests does not declare any static, non-private, non-final, nested classes annotated with @Configuration.
15:24:08.277 [main] INFO org.springframework.boot.test.context.SpringBootTestContextBootstrapper -- Found @SpringBootConfiguration com.bajaj_api_assignment.Bajaj.API.round.BajajApiRoundApplication for test class com.bajaj_api_assignment.Bajaj.API.round.BajajApiRoundApplicationTests
15:24:08.357 [main] INFO org.springframework.boot.devtools.restart.RestartApplicationListener -- Restart disabled due to context in which it is running

  .   ____          _            __ _ _
 /\\ / ___'_ __ _ _(_)_ __  __ _ \ \ \ \
( ( )\___ | '_ | '_| | '_ \/ _` | \ \ \ \
 \\/  ___)| |_)| | | | | || (_| |  ) ) ) )
  '  |____| .__|_| |_|_| |_\__, | / / / /
 =========|_|==============|___/=/_/_/_/

 :: Spring Boot ::               (v3.4.10)

2025-09-22T15:24:08.483+05:30  INFO 70307 --- [Bajaj-API-round] [           main] c.b.B.A.r.BajajApiRoundApplicationTests  : Starting BajajApiRoundApplicationTests using Java 25 with PID 70307 (started by yashpanchal in /Users/yashpanchal/Desktop/Bajaj-API-round)
2025-09-22T15:24:08.485+05:30  INFO 70307 --- [Bajaj-API-round] [           main] c.b.B.A.r.BajajApiRoundApplicationTests  : No active profile set, falling back to 1 default profile: "default"
2025-09-22T15:24:08.823+05:30  INFO 70307 --- [Bajaj-API-round] [           main] .s.d.r.c.RepositoryConfigurationDelegate : Multiple Spring Data modules found, entering strict repository configuration mode
2025-09-22T15:24:08.824+05:30  INFO 70307 --- [Bajaj-API-round] [           main] .s.d.r.c.RepositoryConfigurationDelegate : Bootstrapping Spring Data JDBC repositories in DEFAULT mode.
2025-09-22T15:24:08.834+05:30  INFO 70307 --- [Bajaj-API-round] [           main] .s.d.r.c.RepositoryConfigurationDelegate : Finished Spring Data repository scanning in 7 ms. Found 0 JDBC repository interfaces.
2025-09-22T15:24:08.844+05:30  INFO 70307 --- [Bajaj-API-round] [           main] .s.d.r.c.RepositoryConfigurationDelegate : Multiple Spring Data modules found, entering strict repository configuration mode
2025-09-22T15:24:08.844+05:30  INFO 70307 --- [Bajaj-API-round] [           main] .s.d.r.c.RepositoryConfigurationDelegate : Bootstrapping Spring Data JPA repositories in DEFAULT mode.
2025-09-22T15:24:08.849+05:30  INFO 70307 --- [Bajaj-API-round] [           main] .s.d.r.c.RepositoryConfigurationDelegate : Finished Spring Data repository scanning in 1 ms. Found 0 JPA repository interfaces.
2025-09-22T15:24:09.036+05:30  INFO 70307 --- [Bajaj-API-round] [           main] o.hibernate.jpa.internal.util.LogHelper  : HHH000204: Processing PersistenceUnitInfo [name: default]
2025-09-22T15:24:09.067+05:30  INFO 70307 --- [Bajaj-API-round] [           main] org.hibernate.Version                    : HHH000412: Hibernate ORM core version 6.6.29.Final
2025-09-22T15:24:09.085+05:30  INFO 70307 --- [Bajaj-API-round] [           main] o.h.c.internal.RegionFactoryInitiator    : HHH000026: Second-level cache disabled
2025-09-22T15:24:09.226+05:30  INFO 70307 --- [Bajaj-API-round] [           main] o.s.o.j.p.SpringPersistenceUnitInfo      : No LoadTimeWeaver setup: ignoring JPA class transformer
2025-09-22T15:24:09.240+05:30  INFO 70307 --- [Bajaj-API-round] [           main] com.zaxxer.hikari.HikariDataSource       : HikariPool-1 - Starting...
2025-09-22T15:24:09.336+05:30  INFO 70307 --- [Bajaj-API-round] [           main] com.zaxxer.hikari.pool.HikariPool        : HikariPool-1 - Added connection conn0: url=jdbc:h2:mem:testdb user=SA
2025-09-22T15:24:09.337+05:30  INFO 70307 --- [Bajaj-API-round] [           main] com.zaxxer.hikari.HikariDataSource       : HikariPool-1 - Start completed.
2025-09-22T15:24:09.352+05:30  WARN 70307 --- [Bajaj-API-round] [           main] org.hibernate.orm.deprecation            : HHH90000025: H2Dialect does not need to be specified explicitly using 'hibernate.dialect' (remove the property setting and it will be selected by default)
2025-09-22T15:24:09.364+05:30  INFO 70307 --- [Bajaj-API-round] [           main] org.hibernate.orm.connections.pooling    : HHH10001005: Database info:
	Database JDBC URL [Connecting through datasource 'HikariDataSource (HikariPool-1)']
	Database driver: undefined/unknown
	Database version: 2.3.232
	Autocommit mode: undefined/unknown
	Isolation level: undefined/unknown
	Minimum pool size: undefined/unknown
	Maximum pool size: undefined/unknown
2025-09-22T15:24:09.520+05:30  INFO 70307 --- [Bajaj-API-round] [           main] o.h.e.t.j.p.i.JtaPlatformInitiator       : HHH000489: No JTA platform available (set 'hibernate.transaction.jta.platform' to enable JTA platform integration)
2025-09-22T15:24:09.523+05:30  INFO 70307 --- [Bajaj-API-round] [           main] j.LocalContainerEntityManagerFactoryBean : Initialized JPA EntityManagerFactory for persistence unit 'default'
2025-09-22T15:24:09.600+05:30  WARN 70307 --- [Bajaj-API-round] [           main] JpaBaseConfiguration$JpaWebConfiguration : spring.jpa.open-in-view is enabled by default. Therefore, database queries may be performed during view rendering. Explicitly configure spring.jpa.open-in-view to disable this warning
2025-09-22T15:24:09.809+05:30  INFO 70307 --- [Bajaj-API-round] [           main] o.s.b.a.h2.H2ConsoleAutoConfiguration    : H2 console available at '/h2-console'. Database available at 'jdbc:h2:mem:testdb'
2025-09-22T15:24:09.833+05:30  INFO 70307 --- [Bajaj-API-round] [           main] c.b.B.A.r.BajajApiRoundApplicationTests  : Started BajajApiRoundApplicationTests in 1.483 seconds (process running for 1.909)

📡 Step 1: Generating webhook...
Request Details: Name=Yash Panchal, RegNo=0101CS221153, Email=pclyash@gmail.com
Response Status: 200 OK
✅ Webhook URL received: https://bfhldevapigw.healthrx.co.in/hiring/testWebhook/JAVA
🔑 Access Token received: eyJhbGciOi...gsByg

📊 Step 2: Determining SQL query based on registration number...
Registration number: 0101CS221153
Last two digits: 53
Question type: Question 1 (Odd)
⚠️ Using Question 1 query - Please verify this matches the requirements!
SQL Query: 
SELECT
    p.AMOUNT AS SALARY,
    CONCAT(e.FIRST_NAME, ' ', e.LAST_NAME) AS NAME,
    YEAR(CURRENT_DATE) - YEAR(e.DOB) AS AGE,
    d.DEPARTMENT_NAME
FROM PAYMENTS p
INNER JOIN EMPLOYEE e ON p.EMP_ID = e.EMP_ID
INNER JOIN DEPARTMENT d ON e.DEPARTMENT = d.DEPARTMENT_ID
WHERE DAY(p.PAYMENT_TIME) = 1
ORDER BY p.AMOUNT DESC
LIMIT 1
✅ SQL Query prepared

📤 Step 3: Submitting solution to webhook...
Submitting to: https://bfhldevapigw.healthrx.co.in/hiring/testWebhook/JAVA
✅ Solution submitted successfully!
Response Status: 200 OK
Response Body: {"success":true,"message":"Webhook processed successfully"}

========================================
✨ Process completed successfully!
========================================
]]></system-out>
    <system-err><![CDATA[Mockito is currently self-attaching to enable the inline-mock-maker. This will no longer work in future releases of the JDK. Please add Mockito as an agent to your build what is described in Mockito's documentation: https://javadoc.io/doc/org.mockito/mockito-core/latest/org/mockito/Mockito.html#0.3
WARNING: A Java agent has been loaded dynamically (/Users/yashpanchal/.m2/repository/net/bytebuddy/byte-buddy-agent/1.15.11/byte-buddy-agent-1.15.11.jar)
WARNING: If a serviceability tool is in use, please run with -XX:+EnableDynamicAgentLoading to hide this warning
WARNING: If a serviceability tool is not in use, please run with -Djdk.instrument.traceUsage for more information
WARNING: Dynamic loading of agents will be disallowed by default in a future release
]]></system-err>
  </testcase>
</testsuite>